# JRE version: OpenJDK Runtime Environment JBR-11.0.10.9-1341.35-dcevm (11.0.10+9) (build 11.0.10+9-b1341.35)
# Java VM: Dynamic Code Evolution 64-Bit Server VM JBR-11.0.10.9-1341.35-dcevm (11.0.10+9-b1341.35, mixed mode, tiered, compressed oops, g1 gc, windows-amd64)
Heap:
 garbage-first heap   total 218112K, used 29562K [0x0000000083e00000, 0x0000000100000000)
  region size 1024K, 22 young (22528K), 11 survivors (11264K)
 Metaspace       used 46408K, capacity 47584K, committed 47872K, reserved 1095680K
  class space    used 6074K, capacity 6531K, committed 6656K, reserved 1048576K
GC Heap History (14 events):
Event: 1.512 GC heap before
{Heap before GC invocations=0 (full 0):
 garbage-first heap   total 129024K, used 24576K [0x0000000083e00000, 0x0000000100000000)
  region size 1024K, 24 young (24576K), 0 survivors (0K)
 Metaspace       used 10773K, capacity 10900K, committed 11136K, reserved 1058816K
  class space    used 1087K, capacity 1146K, committed 1152K, reserved 1048576K
}
Event: 1.524 GC heap after
{Heap after GC invocations=1 (full 0):
 garbage-first heap   total 129024K, used 6315K [0x0000000083e00000, 0x0000000100000000)
  region size 1024K, 3 young (3072K), 3 survivors (3072K)
 Metaspace       used 10773K, capacity 10900K, committed 11136K, reserved 1058816K
  class space    used 1087K, capacity 1146K, committed 1152K, reserved 1048576K
}
Event: 3.666 GC heap before
{Heap before GC invocations=1 (full 0):
 garbage-first heap   total 129024K, used 79019K [0x0000000083e00000, 0x0000000100000000)
  region size 1024K, 75 young (76800K), 3 survivors (3072K)
 Metaspace       used 19264K, capacity 19766K, committed 19968K, reserved 1067008K
  class space    used 2280K, capacity 2452K, committed 2560K, reserved 1048576K
}
Event: 3.938 GC heap after
{Heap after GC invocations=2 (full 0):
 garbage-first heap   total 129024K, used 8550K [0x0000000083e00000, 0x0000000100000000)
  region size 1024K, 6 young (6144K), 6 survivors (6144K)
 Metaspace       used 19264K, capacity 19766K, committed 19968K, reserved 1067008K
  class space    used 2280K, capacity 2452K, committed 2560K, reserved 1048576K
}
Event: 4.401 GC heap before
{Heap before GC invocations=2 (full 0):
 garbage-first heap   total 129024K, used 17766K [0x0000000083e00000, 0x0000000100000000)
  region size 1024K, 16 young (16384K), 6 survivors (6144K)
 Metaspace       used 20677K, capacity 21139K, committed 21248K, reserved 1067008K
  class space    used 2537K, capacity 2759K, committed 2816K, reserved 1048576K
}
Event: 4.417 GC heap after
{Heap after GC invocations=3 (full 0):
 garbage-first heap   total 129024K, used 8882K [0x0000000083e00000, 0x0000000100000000)
  region size 1024K, 6 young (6144K), 6 survivors (6144K)
 Metaspace       used 20677K, capacity 21139K, committed 21248K, reserved 1067008K
  class space    used 2537K, capacity 2759K, committed 2816K, reserved 1048576K
}
Event: 5.821 GC heap before
{Heap before GC invocations=4 (full 0):
 garbage-first heap   total 129024K, used 78514K [0x0000000083e00000, 0x0000000100000000)
  region size 1024K, 75 young (76800K), 6 survivors (6144K)
 Metaspace       used 25226K, capacity 25906K, committed 26240K, reserved 1073152K
  class space    used 3122K, capacity 3371K, committed 3456K, reserved 1048576K
}
Event: 5.834 GC heap after
{Heap after GC invocations=5 (full 0):
 garbage-first heap   total 129024K, used 11002K [0x0000000083e00000, 0x0000000100000000)
  region size 1024K, 5 young (5120K), 5 survivors (5120K)
 Metaspace       used 25226K, capacity 25906K, committed 26240K, reserved 1073152K
  class space    used 3122K, capacity 3371K, committed 3456K, reserved 1048576K
}
Event: 9.437 GC heap before
{Heap before GC invocations=5 (full 0):
 garbage-first heap   total 129024K, used 82682K [0x0000000083e00000, 0x0000000100000000)
  region size 1024K, 75 young (76800K), 5 survivors (5120K)
 Metaspace       used 33396K, capacity 34436K, committed 34688K, reserved 1079296K
  class space    used 4306K, capacity 4687K, committed 4736K, reserved 1048576K
}
Event: 9.455 GC heap after
{Heap after GC invocations=6 (full 0):
 garbage-first heap   total 218112K, used 14646K [0x0000000083e00000, 0x0000000100000000)
  region size 1024K, 9 young (9216K), 9 survivors (9216K)
 Metaspace       used 33396K, capacity 34436K, committed 34688K, reserved 1079296K
  class space    used 4306K, capacity 4687K, committed 4736K, reserved 1048576K
}
Event: 9.933 GC heap before
{Heap before GC invocations=6 (full 0):
 garbage-first heap   total 218112K, used 102710K [0x0000000083e00000, 0x0000000100000000)
  region size 1024K, 97 young (99328K), 9 survivors (9216K)
 Metaspace       used 34689K, capacity 35736K, committed 35840K, reserved 1081344K
  class space    used 4451K, capacity 4864K, committed 4864K, reserved 1048576K
}
Event: 9.951 GC heap after
{Heap after GC invocations=7 (full 0):
 garbage-first heap   total 218112K, used 15403K [0x0000000083e00000, 0x0000000100000000)
  region size 1024K, 9 young (9216K), 9 survivors (9216K)
 Metaspace       used 34689K, capacity 35736K, committed 35840K, reserved 1081344K
  class space    used 4451K, capacity 4864K, committed 4864K, reserved 1048576K
}
Event: 11.519 GC heap before
{Heap before GC invocations=8 (full 0):
 garbage-first heap   total 218112K, used 62507K [0x0000000083e00000, 0x0000000100000000)
  region size 1024K, 56 young (57344K), 9 survivors (9216K)
 Metaspace       used 45683K, capacity 46872K, committed 46976K, reserved 1095680K
  class space    used 5991K, capacity 6465K, committed 6528K, reserved 1048576K
}
Event: 11.540 GC heap after
{Heap after GC invocations=9 (full 0):
 garbage-first heap   total 218112K, used 19322K [0x0000000083e00000, 0x0000000100000000)
  region size 1024K, 11 young (11264K), 11 survivors (11264K)
 Metaspace       used 45683K, capacity 46872K, committed 46976K, reserved 1095680K
  class space    used 5991K, capacity 6465K, committed 6528K, reserved 1048576K
}

